Traceback (most recent call last):
  File "F:\Conda\envs\jupyterbook\lib\site-packages\jupyter_cache\executors\utils.py", line 58, in single_nb_execution
    executenb(
  File "F:\Conda\envs\jupyterbook\lib\site-packages\nbclient\client.py", line 1314, in execute
    return NotebookClient(nb=nb, resources=resources, km=km, **kwargs).execute()
  File "F:\Conda\envs\jupyterbook\lib\site-packages\jupyter_core\utils\__init__.py", line 165, in wrapped
    return loop.run_until_complete(inner)
  File "F:\Conda\envs\jupyterbook\lib\asyncio\base_events.py", line 649, in run_until_complete
    return future.result()
  File "F:\Conda\envs\jupyterbook\lib\site-packages\nbclient\client.py", line 709, in async_execute
    await self.async_execute_cell(
  File "F:\Conda\envs\jupyterbook\lib\site-packages\nbclient\client.py", line 1062, in async_execute_cell
    await self._check_raise_for_error(cell, cell_index, exec_reply)
  File "F:\Conda\envs\jupyterbook\lib\site-packages\nbclient\client.py", line 918, in _check_raise_for_error
    raise CellExecutionError.from_cell_and_msg(cell, exec_reply_content)
nbclient.exceptions.CellExecutionError: An error occurred while executing the following cell:
------------------
oecd_df = pd.read_csv('original_oecd.csv')
#nutteloze kolommen verwijderen
kolommen_verwijderen = ['ACTION', 
                        'STRUCTURE', 
                        'STRUCTURE_ID', 
                        'STRUCTURE_NAME', 
                        'FREQ', 
                        'Frequency of observation', 
                        'MEASURE', 
                        'Measure', 
                        'UNIT_MEASURE', 
                        'Unit of measure', 
                        'PM_CONCENTRATION', 
                        'PM concentration level', 
                        'TIME_SEASON', 
                        'Time of the day and season', 
                        'TERRITORIAL_LEVEL', 
                        'Territorial level', 
                        'TIME_PERIOD', 
                        'Observation value', 
                        'OBS_STATUS', 
                        'UNIT_MULT', 
                        'Unit multiplier', 
                        'Time period', 
                        'Observation status', 
                        'DECIMALS', 
                        'Decimals']
oecd_df = oecd_df.drop(kolommen_verwijderen, axis=1)
# Edgecase: REF_AREA begint bij alle landen behalve Mexico met 2 letters
oecd_df['REF_AREA'] = oecd_df['REF_AREA'].str.replace('^MEX', 'MX', regex=True)
# sommige verkeerde landcodes worden hier vervangen door degene die correspondeert met iso_df
oecd_df['REF_AREA'] = oecd_df['REF_AREA'].str.replace('^UK', 'GB', regex=True)
oecd_df['REF_AREA'] = oecd_df['REF_AREA'].str.replace('^KOR', 'KR', regex=True)
oecd_df['REF_AREA'] = oecd_df['REF_AREA'].str.replace('^EL', 'GR', regex=True)
# kolom renamen voor duidelijkheid
oecd_df = oecd_df.rename(columns={'OBS_VALUE': 'Gemiddelde aandeel van groen in oppervlakte van stad'})

#Om de data per land te kunnen aggregeren, heb ik landsnamen als extra kolom Percentage mensen die Nee hebben geantwoorddig.
iso_df = pd.read_csv('23digit.csv')
iso_mapping = dict(zip(iso_df['2digit'], iso_df['Country']))

def get_country(geocode):
    country_code = ''.join(filter(str.isalpha, geocode))[:2]  # Verwijder alle niet-alfabetische tekens en neem de eerste twee letters
    return iso_mapping.get(country_code, 'Unknown')

oecd_df['Country'] = oecd_df['REF_AREA'].apply(get_country)
oecd_df = oecd_df.merge(iso_df, on='Country')
oecd_df = oecd_df.drop(['2digit', 'Numeric'], axis=1)

------------------


[1;31m---------------------------------------------------------------------------[0m
[1;31mNameError[0m                                 Traceback (most recent call last)
Cell [1;32mIn[1], line 1[0m
[1;32m----> 1[0m oecd_df [38;5;241m=[39m [43mpd[49m[38;5;241m.[39mread_csv([38;5;124m'[39m[38;5;124moriginal_oecd.csv[39m[38;5;124m'[39m)
[0;32m      2[0m [38;5;66;03m#nutteloze kolommen verwijderen[39;00m
[0;32m      3[0m kolommen_verwijderen [38;5;241m=[39m [[38;5;124m'[39m[38;5;124mACTION[39m[38;5;124m'[39m, 
[0;32m      4[0m                         [38;5;124m'[39m[38;5;124mSTRUCTURE[39m[38;5;124m'[39m, 
[0;32m      5[0m                         [38;5;124m'[39m[38;5;124mSTRUCTURE_ID[39m[38;5;124m'[39m, 
[1;32m   (...)[0m
[0;32m     26[0m                         [38;5;124m'[39m[38;5;124mDECIMALS[39m[38;5;124m'[39m, 
[0;32m     27[0m                         [38;5;124m'[39m[38;5;124mDecimals[39m[38;5;124m'[39m]

[1;31mNameError[0m: name 'pd' is not defined

